<?xml version="1.0" encoding="UTF-8"?>
<!-- Generated by org.testng.reporters.JUnitReportReporter -->
<testsuite hostname="LH7U05CG6272CKT" name="action.Test1" tests="1" failures="0" timestamp="31 May 2017 14:12:24 GMT" time="17.875" errors="0">
  <testcase name="check" time="17.875" classname="action.Test1"/>
</testsuite> <!-- action.Test1 -->
