<?xml version="1.0" encoding="UTF-8"?>
<!-- Generated by org.testng.reporters.JUnitReportReporter -->
<testsuite skipped="0" hostname="LH7U05CG6272CKT" name="action.NewTest" tests="1" failures="0" timestamp="26 May 2017 13:25:29 GMT" time="0.007" errors="0">
  <testcase name="f" time="0.007" classname="action.NewTest"/>
</testsuite> <!-- action.NewTest -->
