<?xml version="1.0" encoding="UTF-8"?>
<!-- Generated by org.testng.reporters.JUnitReportReporter -->
<testsuite hostname="LH7U05CG6272CKT" name="cucumberRunner.TestRunner" tests="1" failures="0" timestamp="9 Jun 2017 09:48:48 GMT" time="17.993" errors="0">
  <testcase name="run_cukes" time="17.993" classname="cucumberRunner.TestRunner"/>
</testsuite> <!-- cucumberRunner.TestRunner -->
