<?xml version="1.0" encoding="UTF-8"?>
<!-- Generated by org.testng.reporters.JUnitReportReporter -->
<testsuite hostname="LH7U05CG6272CKT" name="action.Login" tests="1" failures="0" timestamp="1 Jun 2017 09:40:38 GMT" time="11.752" errors="0">
  <testcase name="easy" time="11.752" classname="action.Login"/>
</testsuite> <!-- action.Login -->
